<?xml version="1.0" encoding="UTF-8"?>
<!-- Generated by org.testng.reporters.JUnitXMLReporter -->
<testsuite hostname="IND-L054" ignored="0" name="Default test" tests="4" failures="0" timestamp="01 Feb 2020 05:31:36 GMT" time="26.562" errors="0">
  <testcase name="createLeaf" time="2.631" classname="com.leafBot.testcases.TC002_LoginForFailure"/>
  <testcase name="createLeaf" time="2.505" classname="com.leafBot.testcases.TC002_LoginForFailure"/>
  <testcase name="createLeaf" time="2.617" classname="com.leafBot.testcases.TC002_LoginForFailure"/>
  <testcase name="createLeaf" time="2.272" classname="com.leafBot.testcases.TC002_LoginForFailure"/>
</testsuite> <!-- Default test -->
